<?xml version="1.0" encoding="UTF-8"?>
<testng-results skipped="0" failed="0" ignored="0" total="3" passed="3">
  <reporter-output>
  </reporter-output>
  <suite name="Default suite" duration-ms="11072" started-at="2019-07-05T07:56:18Z" finished-at="2019-07-05T07:56:29Z">
    <groups>
    </groups>
    <test name="Default test" duration-ms="11072" started-at="2019-07-05T07:56:18Z" finished-at="2019-07-05T07:56:29Z">
      <class name="com.training.sanity.tests.UniformLoginCheck">
        <test-method status="PASS" signature="setUpBeforeClass()[pri:0, instance:com.training.sanity.tests.UniformLoginCheck@5c7fa833]" name="setUpBeforeClass" is-config="true" duration-ms="5733" started-at="2019-07-05T13:26:18Z" finished-at="2019-07-05T13:26:24Z">
          <reporter-output>
          </reporter-output>
        </test-method> <!-- setUpBeforeClass -->
        <test-method status="PASS" signature="validLoginTest()[pri:1, instance:com.training.sanity.tests.UniformLoginCheck@5c7fa833]" name="validLoginTest" duration-ms="1101" started-at="2019-07-05T13:26:24Z" finished-at="2019-07-05T13:26:25Z">
          <reporter-output>
          </reporter-output>
        </test-method> <!-- validLoginTest -->
        <test-method status="PASS" signature="tearDown()[pri:0, instance:com.training.sanity.tests.UniformLoginCheck@5c7fa833]" name="tearDown" is-config="true" duration-ms="1001" started-at="2019-07-05T13:26:25Z" finished-at="2019-07-05T13:26:26Z">
          <reporter-output>
          </reporter-output>
        </test-method> <!-- tearDown -->
        <test-method status="PASS" signature="categoryClick()[pri:2, instance:com.training.sanity.tests.UniformLoginCheck@5c7fa833]" name="categoryClick" duration-ms="1018" started-at="2019-07-05T13:26:26Z" finished-at="2019-07-05T13:26:27Z">
          <reporter-output>
          </reporter-output>
        </test-method> <!-- categoryClick -->
        <test-method status="PASS" signature="tearDown()[pri:0, instance:com.training.sanity.tests.UniformLoginCheck@5c7fa833]" name="tearDown" is-config="true" duration-ms="1000" started-at="2019-07-05T13:26:27Z" finished-at="2019-07-05T13:26:28Z">
          <reporter-output>
          </reporter-output>
        </test-method> <!-- tearDown -->
        <test-method status="PASS" signature="deleteitem()[pri:3, instance:com.training.sanity.tests.UniformLoginCheck@5c7fa833]" name="deleteitem" duration-ms="189" started-at="2019-07-05T13:26:28Z" finished-at="2019-07-05T13:26:28Z">
          <reporter-output>
          </reporter-output>
        </test-method> <!-- deleteitem -->
        <test-method status="PASS" signature="tearDown()[pri:0, instance:com.training.sanity.tests.UniformLoginCheck@5c7fa833]" name="tearDown" is-config="true" duration-ms="1000" started-at="2019-07-05T13:26:28Z" finished-at="2019-07-05T13:26:29Z">
          <reporter-output>
          </reporter-output>
        </test-method> <!-- tearDown -->
      </class> <!-- com.training.sanity.tests.UniformLoginCheck -->
    </test> <!-- Default test -->
  </suite> <!-- Default suite -->
</testng-results>
