<?xml version="1.0" encoding="UTF-8"?>
<testng-results skipped="0" failed="0" ignored="0" total="2" passed="2">
  <reporter-output>
  </reporter-output>
  <suite name="Default suite" duration-ms="13388" started-at="2019-07-11T12:19:19Z" finished-at="2019-07-11T12:19:33Z">
    <groups>
    </groups>
    <test name="Default test" duration-ms="13388" started-at="2019-07-11T12:19:19Z" finished-at="2019-07-11T12:19:33Z">
      <class name="com.training.sanity.tests.UniformMedium2">
        <test-method status="PASS" signature="setUpBeforeClass()[pri:0, instance:com.training.sanity.tests.UniformMedium2@5c7fa833]" name="setUpBeforeClass" is-config="true" duration-ms="5738" started-at="2019-07-11T17:49:19Z" finished-at="2019-07-11T17:49:25Z">
          <reporter-output>
          </reporter-output>
        </test-method> <!-- setUpBeforeClass -->
        <test-method status="PASS" signature="validLoginTest()[pri:1, instance:com.training.sanity.tests.UniformMedium2@5c7fa833]" name="validLoginTest" duration-ms="1164" started-at="2019-07-11T17:49:25Z" finished-at="2019-07-11T17:49:26Z">
          <reporter-output>
          </reporter-output>
        </test-method> <!-- validLoginTest -->
        <test-method status="PASS" signature="tearDown()[pri:0, instance:com.training.sanity.tests.UniformMedium2@5c7fa833]" name="tearDown" is-config="true" duration-ms="1000" started-at="2019-07-11T17:49:26Z" finished-at="2019-07-11T17:49:27Z">
          <reporter-output>
          </reporter-output>
        </test-method> <!-- tearDown -->
        <test-method status="PASS" signature="ProductsClick()[pri:2, instance:com.training.sanity.tests.UniformMedium2@5c7fa833]" name="ProductsClick" duration-ms="4462" started-at="2019-07-11T17:49:27Z" finished-at="2019-07-11T17:49:32Z">
          <reporter-output>
          </reporter-output>
        </test-method> <!-- ProductsClick -->
        <test-method status="PASS" signature="tearDown()[pri:0, instance:com.training.sanity.tests.UniformMedium2@5c7fa833]" name="tearDown" is-config="true" duration-ms="1000" started-at="2019-07-11T17:49:32Z" finished-at="2019-07-11T17:49:33Z">
          <reporter-output>
          </reporter-output>
        </test-method> <!-- tearDown -->
      </class> <!-- com.training.sanity.tests.UniformMedium2 -->
    </test> <!-- Default test -->
  </suite> <!-- Default suite -->
</testng-results>
