<?xml version="1.0" encoding="UTF-8"?>
<!-- Generated by org.testng.reporters.JUnitXMLReporter -->
<testsuite hostname="DESKTOP-P3VEP42" ignored="0" name="Default test" tests="3" failures="0" timestamp="05 Jul 2019 07:56:29 GMT" time="11.072" errors="0">
  <testcase name="validLoginTest" time="1.101" classname="com.training.sanity.tests.UniformLoginCheck"/>
  <testcase name="categoryClick" time="1.018" classname="com.training.sanity.tests.UniformLoginCheck"/>
  <testcase name="deleteitem" time="0.189" classname="com.training.sanity.tests.UniformLoginCheck"/>
</testsuite> <!-- Default test -->
